d:\program\opengl_hw3\opengl_4\debug\vc140.pdb
d:\program\opengl_hw3\opengl_4\debug\vc140.idb
d:\program\opengl_hw3\opengl_4\debug\camera.obj
d:\program\opengl_hw3\opengl_4\debug\clinesegment.obj
d:\program\opengl_hw3\opengl_4\debug\collider.obj
d:\program\opengl_hw3\opengl_4\debug\common.obj
d:\program\opengl_hw3\opengl_4\debug\cquad.obj
d:\program\opengl_hw3\opengl_4\debug\cshape.obj
d:\program\opengl_hw3\opengl_4\debug\cube.obj
d:\program\opengl_hw3\opengl_4\debug\flat.obj
d:\program\opengl_hw3\opengl_4\debug\modelpool.obj
d:\program\opengl_hw3\opengl_4\debug\room.obj
d:\program\opengl_hw3\opengl_4\debug\sphere.obj
d:\program\opengl_hw3\opengl_4\debug\sprite.obj
d:\program\opengl_hw3\opengl_4\debug\texturepool.obj
d:\program\opengl_hw3\opengl_4\debug\timer.obj
d:\program\opengl_hw3\opengl_4\debug\hw3.obj
d:\program\opengl_hw3\opengl_4\debug\initshader.obj
d:\program\opengl_hw3\opengl_4\debug\objloader.obj
d:\program\opengl_hw3\opengl_4\debug\pngloader.obj
d:\program\opengl_hw3\debug\opengl_4.pdb
d:\program\opengl_hw3\opengl_4\debug\opengl_4.tlog\cl.command.1.tlog
d:\program\opengl_hw3\opengl_4\debug\opengl_4.tlog\cl.read.1.tlog
d:\program\opengl_hw3\opengl_4\debug\opengl_4.tlog\cl.write.1.tlog
d:\program\opengl_hw3\opengl_4\debug\opengl_4.tlog\link-cvtres.read.1.tlog
d:\program\opengl_hw3\opengl_4\debug\opengl_4.tlog\link-cvtres.write.1.tlog
d:\program\opengl_hw3\opengl_4\debug\opengl_4.tlog\link-rc.read.1.tlog
d:\program\opengl_hw3\opengl_4\debug\opengl_4.tlog\link-rc.write.1.tlog
d:\program\opengl_hw3\opengl_4\debug\opengl_4.tlog\link.command.1.tlog
d:\program\opengl_hw3\opengl_4\debug\opengl_4.tlog\link.read.1.tlog
d:\program\opengl_hw3\opengl_4\debug\opengl_4.tlog\link.write.1.tlog
