  PngLoader.cpp
  ObjLoader.cpp
d:\program\opengl_hw3\opengl_4\objloader.cpp(11): warning C4996: 'fopen': This function or variable may be unsafe. Consider using fopen_s instead. To disable deprecation, use _CRT_SECURE_NO_WARNINGS. See online help for details.
  c:\program files (x86)\windows kits\10\include\10.0.10240.0\ucrt\stdio.h(205): note: 請參閱 'fopen' 的宣告
d:\program\opengl_hw3\opengl_4\objloader.cpp(18): warning C4996: 'fscanf': This function or variable may be unsafe. Consider using fscanf_s instead. To disable deprecation, use _CRT_SECURE_NO_WARNINGS. See online help for details.
  c:\program files (x86)\windows kits\10\include\10.0.10240.0\ucrt\stdio.h(1193): note: 請參閱 'fscanf' 的宣告
d:\program\opengl_hw3\opengl_4\objloader.cpp(20): warning C4996: 'fscanf': This function or variable may be unsafe. Consider using fscanf_s instead. To disable deprecation, use _CRT_SECURE_NO_WARNINGS. See online help for details.
  c:\program files (x86)\windows kits\10\include\10.0.10240.0\ucrt\stdio.h(1193): note: 請參閱 'fscanf' 的宣告
d:\program\opengl_hw3\opengl_4\objloader.cpp(26): warning C4996: 'fscanf': This function or variable may be unsafe. Consider using fscanf_s instead. To disable deprecation, use _CRT_SECURE_NO_WARNINGS. See online help for details.
  c:\program files (x86)\windows kits\10\include\10.0.10240.0\ucrt\stdio.h(1193): note: 請參閱 'fscanf' 的宣告
d:\program\opengl_hw3\opengl_4\objloader.cpp(32): warning C4996: 'fscanf': This function or variable may be unsafe. Consider using fscanf_s instead. To disable deprecation, use _CRT_SECURE_NO_WARNINGS. See online help for details.
  c:\program files (x86)\windows kits\10\include\10.0.10240.0\ucrt\stdio.h(1193): note: 請參閱 'fscanf' 的宣告
d:\program\opengl_hw3\opengl_4\objloader.cpp(39): warning C4996: 'fscanf': This function or variable may be unsafe. Consider using fscanf_s instead. To disable deprecation, use _CRT_SECURE_NO_WARNINGS. See online help for details.
  c:\program files (x86)\windows kits\10\include\10.0.10240.0\ucrt\stdio.h(1193): note: 請參閱 'fscanf' 的宣告
  InitShader.cpp
  HW3.cpp
  Timer.cpp
  TexturePool.cpp
  Sprite.cpp
  Sphere.cpp
  Room.cpp
  ModelPool.cpp
  Flat.cpp
  Cube.cpp
  CShape.cpp
  CQuad.cpp
  common.cpp
  Collider.cpp
  CLineSegment.cpp
  Camera.cpp
  正在產生程式碼...
d:\program\opengl_hw3\opengl_4\objloader.cpp(80): warning C4715: 'LoadObj': 不是所有控制路徑都傳回值
SOIL.lib(image_DXT.obj) : warning LNK4099: 找不到 PDB 'vc110.pdb' (有 'SOIL.lib(image_DXT.obj)' 或位於 'D:\Program\OpenGL_HW3\Debug\vc110.pdb')，當做沒有偵錯資訊，連結物件
SOIL.lib(image_helper.obj) : warning LNK4099: 找不到 PDB 'vc110.pdb' (有 'SOIL.lib(image_helper.obj)' 或位於 'D:\Program\OpenGL_HW3\Debug\vc110.pdb')，當做沒有偵錯資訊，連結物件
SOIL.lib(SOIL.obj) : warning LNK4099: 找不到 PDB 'vc110.pdb' (有 'SOIL.lib(SOIL.obj)' 或位於 'D:\Program\OpenGL_HW3\Debug\vc110.pdb')，當做沒有偵錯資訊，連結物件
SOIL.lib(stb_image_aug.obj) : warning LNK4099: 找不到 PDB 'vc110.pdb' (有 'SOIL.lib(stb_image_aug.obj)' 或位於 'D:\Program\OpenGL_HW3\Debug\vc110.pdb')，當做沒有偵錯資訊，連結物件
  OpenGL_4.vcxproj -> D:\Program\OpenGL_HW3\Debug\OpenGL_4.exe
  OpenGL_4.vcxproj -> D:\Program\OpenGL_HW3\Debug\OpenGL_4.pdb (Full PDB)
